<?xml version="1.0" encoding="UTF-8"?>
<Project xmlns="http://schemas.microsoft.com/project">
    <SaveVersion>14</SaveVersion>
    <Name>sample</Name>
    <Title>Projeto Convertido - sample</Title>
    <Subject>Conversão de arquivo MPP para XML</Subject>
    <Category>Construção</Category>
    <Company>MPP Converter</Company>
    <Manager>Sistema Automático</Manager>
    <Author>MPP to XML Converter</Author>
    <CreationDate>2025-12-04T02:04:15.210Z</CreationDate>
    <LastSaved>2025-12-04T02:04:15.210Z</LastSaved>
    <ScheduleFromStart>1</ScheduleFromStart>
    <StartDate>2025-12-04T08:00:00</StartDate>
    <FinishDate>2026-01-03T17:00:00</FinishDate>
    
    <CalendarUID>1</CalendarUID>
    <DefaultStartTime>08:00:00</DefaultStartTime>
    <DefaultFinishTime>17:00:00</DefaultFinishTime>
    <MinutesPerDay>480</MinutesPerDay>
    <MinutesPerWeek>2400</MinutesPerWeek>
    <DaysPerMonth>20</DaysPerMonth>
    
    <Calendars>
        <Calendar>
            <UID>1</UID>
            <Name>Padrão</Name>
            <IsBaseCalendar>1</IsBaseCalendar>
            <BaseCalendarUID>-1</BaseCalendarUID>
            <WeekDays>
                <WeekDay>
                    <DayType>1</DayType>
                    <DayWorking>0</DayWorking>
                </WeekDay>
                <WeekDay>
                    <DayType>2</DayType>
                    <DayWorking>1</DayWorking>
                    <WorkingTimes>
                        <WorkingTime>
                            <FromTime>08:00:00</FromTime>
                            <ToTime>12:00:00</ToTime>
                        </WorkingTime>
                        <WorkingTime>
                            <FromTime>13:00:00</FromTime>
                            <ToTime>17:00:00</ToTime>
                        </WorkingTime>
                    </WorkingTimes>
                </WeekDay>
                <WeekDay>
                    <DayType>3</DayType>
                    <DayWorking>1</DayWorking>
                    <WorkingTimes>
                        <WorkingTime>
                            <FromTime>08:00:00</FromTime>
                            <ToTime>12:00:00</ToTime>
                        </WorkingTime>
                        <WorkingTime>
                            <FromTime>13:00:00</FromTime>
                            <ToTime>17:00:00</ToTime>
                        </WorkingTime>
                    </WorkingTimes>
                </WeekDay>
                <WeekDay>
                    <DayType>4</DayType>
                    <DayWorking>1</DayWorking>
                    <WorkingTimes>
                        <WorkingTime>
                            <FromTime>08:00:00</FromTime>
                            <ToTime>12:00:00</ToTime>
                        </WorkingTime>
                        <WorkingTime>
                            <FromTime>13:00:00</FromTime>
                            <ToTime>17:00:00</ToTime>
                        </WorkingTime>
                    </WorkingTimes>
                </WeekDay>
                <WeekDay>
                    <DayType>5</DayType>
                    <DayWorking>1</DayWorking>
                    <WorkingTimes>
                        <WorkingTime>
                            <FromTime>08:00:00</FromTime>
                            <ToTime>12:00:00</ToTime>
                        </WorkingTime>
                        <WorkingTime>
                            <FromTime>13:00:00</FromTime>
                            <ToTime>17:00:00</ToTime>
                        </WorkingTime>
                    </WorkingTimes>
                </WeekDay>
                <WeekDay>
                    <DayType>6</DayType>
                    <DayWorking>1</DayWorking>
                    <WorkingTimes>
                        <WorkingTime>
                            <FromTime>08:00:00</FromTime>
                            <ToTime>12:00:00</ToTime>
                        </WorkingTime>
                    </WorkingTimes>
                </WeekDay>
                <WeekDay>
                    <DayType>7</DayType>
                    <DayWorking>0</DayWorking>
                </WeekDay>
            </WeekDays>
        </Calendar>
    </Calendars>
    
    <Tasks>
        <Task>
            <UID>0</UID>
            <ID>0</ID>
            <Name>Projeto sample</Name>
            <Type>1</Type>
            <IsNull>0</IsNull>
            <CreateDate>2025-12-04T02:04:15.210Z</CreateDate>
            <Contact>MPP Converter</Contact>
            <WBS>0</WBS>
            <OutlineLevel>0</OutlineLevel>
            <OutlineNumber>1</OutlineNumber>
            <Priority>500</Priority>
            <Start>2025-12-04T02:04:15.210Z</Start>
            <Finish>2026-01-03T02:04:15.210Z</Finish>
            <Duration>PT240H0M0S</Duration>
            <ManualStart>2025-12-04T02:04:15.210Z</ManualStart>
            <ManualFinish>2026-01-03T02:04:15.210Z</ManualFinish>
            <ManualDuration>PT240H0M0S</ManualDuration>
            <Work>PT240H0M0S</Work>
            <IsManual>0</IsManual>
            <Summary>1</Summary>
        </Task>
        <Task>
            <UID>1</UID>
            <ID>1</ID>
            <Name>Fase 1 - Planejamento</Name>
            <Type>0</Type>
            <IsNull>0</IsNull>
            <CreateDate>2025-12-04T02:04:15.210Z</CreateDate>
            <WBS>1</WBS>
            <OutlineLevel>1</OutlineLevel>
            <OutlineNumber>1.1</OutlineNumber>
            <Priority>500</Priority>
            <Start>2025-12-04T02:04:15.210Z</Start>
            <Finish>2025-12-14T02:04:15.210Z</Finish>
            <Duration>PT80H0M0S</Duration>
            <Work>PT80H0M0S</Work>
            <IsManual>0</IsManual>
        </Task>
        <Task>
            <UID>2</UID>
            <ID>2</ID>
            <Name>Fase 2 - Execução</Name>
            <Type>0</Type>
            <IsNull>0</IsNull>
            <CreateDate>2025-12-04T02:04:15.210Z</CreateDate>
            <WBS>2</WBS>
            <OutlineLevel>1</OutlineLevel>
            <OutlineNumber>1.2</OutlineNumber>
            <Priority>500</Priority>
            <Start>2025-12-14T02:04:15.210Z</Start>
            <Finish>2025-12-29T02:04:15.210Z</Finish>
            <Duration>PT120H0M0S</Duration>
            <Work>PT120H0M0S</Work>
            <IsManual>0</IsManual>
        </Task>
        <Task>
            <UID>3</UID>
            <ID>3</ID>
            <Name>Fase 3 - Finalização</Name>
            <Type>0</Type>
            <IsNull>0</IsNull>
            <CreateDate>2025-12-04T02:04:15.210Z</CreateDate>
            <WBS>3</WBS>
            <OutlineLevel>1</OutlineLevel>
            <OutlineNumber>1.3</OutlineNumber>
            <Priority>500</Priority>
            <Start>2025-12-29T02:04:15.210Z</Start>
            <Finish>2026-01-03T02:04:15.210Z</Finish>
            <Duration>PT40H0M0S</Duration>
            <Work>PT40H0M0S</Work>
            <IsManual>0</IsManual>
        </Task>
    </Tasks>
    
    <Resources>
        <Resource>
            <UID>1</UID>
            <ID>1</ID>
            <Name>Gerente de Projeto</Name>
            <Type>1</Type>
            <IsNull>0</IsNull>
            <MaxUnits>1.0</MaxUnits>
            <PeakUnits>1.0</PeakUnits>
            <OverAllocated>0</OverAllocated>
            <StandardRate>100</StandardRate>
            <OvertimeRate>150</OvertimeRate>
        </Resource>
        <Resource>
            <UID>2</UID>
            <ID>2</ID>
            <Name>Equipe Técnica</Name>
            <Type>1</Type>
            <IsNull>0</IsNull>
            <MaxUnits>3.0</MaxUnits>
            <PeakUnits>3.0</PeakUnits>
            <OverAllocated>0</OverAllocated>
            <StandardRate>80</StandardRate>
            <OvertimeRate>120</OvertimeRate>
        </Resource>
    </Resources>
    
    <Assignments>
        <Assignment>
            <UID>1</UID>
            <TaskUID>1</TaskUID>
            <ResourceUID>1</ResourceUID>
            <Units>1.0</Units>
            <Work>PT80H0M0S</Work>
            <Start>2025-12-04T02:04:15.210Z</Start>
            <Finish>2025-12-14T02:04:15.210Z</Finish>
        </Assignment>
        <Assignment>
            <UID>2</UID>
            <TaskUID>2</TaskUID>
            <ResourceUID>2</ResourceUID>
            <Units>3.0</Units>
            <Work>PT120H0M0S</Work>
            <Start>2025-12-14T02:04:15.210Z</Start>
            <Finish>2025-12-29T02:04:15.210Z</Finish>
        </Assignment>
        <Assignment>
            <UID>3</UID>
            <TaskUID>3</TaskUID>
            <ResourceUID>1</ResourceUID>
            <Units>1.0</Units>
            <Work>PT40H0M0S</Work>
            <Start>2025-12-29T02:04:15.210Z</Start>
            <Finish>2026-01-03T02:04:15.210Z</Finish>
        </Assignment>
    </Assignments>
    
    <ExtendedAttributes>
        <ExtendedAttribute>
            <FieldID>188744001</FieldID>
            <FieldName>Text1</FieldName>
            <Alias>Observações</Alias>
        </ExtendedAttribute>
    </ExtendedAttributes>
    
</Project>